{
  "RSpec": {
    "coverage": {
      "/Users/williammahoney/Dropbox/ruby/showbuddy/spec/support/helpers/authentication_helper.rb": [
        1,
        1,
        2,
        null,
        null,
        null,
        null,
        null,
        null,
        null,
        2,
        2,
        null,
        null
      ],
      "/Users/williammahoney/Dropbox/ruby/showbuddy/spec/features/admin/admin_deletes_a_user_spec.rb": [
        1,
        null,
        null,
        1,
        null,
        null,
        null,
        null,
        null,
        null,
        null,
        1,
        null,
        0,
        0,
        null,
        0,
        null,
        0,
        0,
        null,
        0,
        0,
        null,
        null,
        1,
        null,
        0,
        null,
        0,
        null,
        0,
        0,
        null,
        null
      ],
      "/Users/williammahoney/Dropbox/ruby/showbuddy/spec/features/admin/admin_updates_a_venue_spec.rb": [
        1,
        null,
        null,
        1,
        null,
        null,
        null,
        null,
        null,
        null,
        null,
        1,
        null,
        0,
        0,
        null,
        0,
        null,
        0,
        null,
        0,
        0,
        0,
        null,
        0,
        null,
        0,
        null,
        null,
        null,
        null,
        null,
        null,
        null,
        null,
        null,
        null,
        null,
        null
      ],
      "/Users/williammahoney/Dropbox/ruby/showbuddy/spec/features/concerts/search_concerts_spec.rb": [
        1,
        null,
        1,
        null,
        null,
        null,
        null,
        null,
        null,
        null,
        1,
        0,
        0,
        0,
        0,
        0,
        0,
        null,
        0,
        null,
        0,
        0,
        null,
        null,
        0,
        0,
        0,
        0,
        null,
        null
      ],
      "/Users/williammahoney/Dropbox/ruby/showbuddy/spec/features/concerts/user_creates_concert_spec.rb": [
        1,
        null,
        null,
        1,
        null,
        null,
        null,
        null,
        null,
        null,
        null,
        null,
        null,
        null,
        null,
        null,
        1,
        0,
        null,
        null,
        1,
        null,
        0,
        0,
        null,
        0,
        0,
        0,
        0,
        0,
        0,
        0,
        0,
        null,
        0,
        null,
        0,
        null,
        null,
        1,
        null,
        0,
        null,
        0,
        0,
        0,
        0,
        0,
        0,
        0,
        null,
        0,
        null,
        0,
        null,
        null
      ],
      "/Users/williammahoney/Dropbox/ruby/showbuddy/spec/features/concerts/user_visits_a_concert_page_spec.rb": [
        1,
        null,
        null,
        1,
        null,
        null,
        null,
        null,
        null,
        null,
        null,
        null,
        null,
        1,
        0,
        null,
        null,
        1,
        0,
        null,
        0,
        null,
        0,
        0,
        0,
        null,
        null
      ],
      "/Users/williammahoney/Dropbox/ruby/showbuddy/spec/features/rsvps/user_rsvps_to_concert_spec.rb": [
        1,
        null,
        null,
        1,
        null,
        null,
        null,
        null,
        null,
        null,
        null,
        null,
        1,
        null,
        1,
        1,
        1,
        1,
        1,
        null,
        1,
        1,
        1,
        null,
        1,
        1,
        null,
        1,
        1,
        null,
        1,
        1,
        1,
        1,
        1,
        1,
        null,
        null
      ],
      "/Users/williammahoney/Dropbox/ruby/showbuddy/spec/features/users/user_visits_a_user_page_spec.rb": [
        1,
        null,
        null,
        1,
        null,
        null,
        null,
        null,
        null,
        null,
        null,
        null,
        1,
        null,
        0,
        0,
        0,
        null,
        null,
        0,
        null,
        0,
        null,
        0,
        null,
        null
      ],
      "/Users/williammahoney/Dropbox/ruby/showbuddy/spec/features/venues/user_visits_venue_show_page_spec.rb": [
        1,
        null,
        1,
        null,
        null,
        null,
        null,
        null,
        null,
        null,
        null,
        null,
        null,
        1,
        null,
        0,
        null,
        0,
        0,
        null,
        0,
        0,
        0,
        null,
        null
      ],
      "/Users/williammahoney/Dropbox/ruby/showbuddy/spec/features/venues/user_visits_venues_page_spec.rb": [
        1,
        null,
        null,
        1,
        null,
        null,
        null,
        null,
        null,
        null,
        null,
        null,
        null,
        1,
        null,
        0,
        0,
        0,
        null,
        0,
        0,
        0,
        null,
        null
      ],
      "/Users/williammahoney/Dropbox/ruby/showbuddy/app/models/concert.rb": [
        1,
        1,
        1,
        1,
        null,
        null,
        1,
        null,
        null,
        1,
        null,
        null,
        1,
        null,
        null,
        null,
        null,
        1,
        null,
        null,
        1,
        null,
        null,
        1,
        0,
        null,
        null,
        null,
        null
      ],
      "/Users/williammahoney/Dropbox/ruby/showbuddy/app/models/venue.rb": [
        1,
        1,
        1,
        null,
        1,
        null,
        null,
        null,
        1,
        null,
        null,
        1,
        null,
        null,
        1,
        null,
        null,
        null,
        null,
        null,
        1,
        null,
        null,
        null,
        null,
        1,
        null,
        null
      ],
      "/Users/williammahoney/Dropbox/ruby/showbuddy/app/models/user.rb": [
        1,
        1,
        null,
        1,
        null,
        null,
        null,
        1,
        null,
        null,
        1,
        null,
        null,
        null,
        1,
        2,
        0,
        0,
        0,
        0,
        0,
        null,
        null,
        null,
        1,
        0,
        0,
        0,
        0,
        0,
        null,
        null,
        null
      ],
      "/Users/williammahoney/Dropbox/ruby/showbuddy/app/controllers/welcomes_controller.rb": [
        1,
        1,
        null,
        null
      ],
      "/Users/williammahoney/Dropbox/ruby/showbuddy/app/controllers/application_controller.rb": [
        1,
        1,
        null,
        1,
        null,
        1,
        33,
        null,
        1,
        null
      ],
      "/Users/williammahoney/Dropbox/ruby/showbuddy/app/controllers/sessions_controller.rb": [
        1,
        1,
        2,
        2,
        2,
        null,
        null,
        1,
        1,
        1,
        null,
        null
      ],
      "/Users/williammahoney/Dropbox/ruby/showbuddy/app/controllers/concerts_controller.rb": [
        1,
        1,
        0,
        0,
        null,
        null,
        1,
        0,
        0,
        null,
        0,
        null,
        null,
        null,
        1,
        0,
        0,
        0,
        0,
        0,
        null,
        0,
        null,
        null,
        null,
        1,
        4,
        4,
        4,
        4,
        null,
        null,
        1,
        null,
        1,
        0,
        null,
        null,
        null
      ],
      "/Users/williammahoney/Dropbox/ruby/showbuddy/app/models/rsvp.rb": [
        1,
        1,
        1,
        null,
        1,
        null,
        null,
        1,
        null,
        null,
        null,
        null
      ],
      "/Users/williammahoney/Dropbox/ruby/showbuddy/app/controllers/rsvps_controller.rb": [
        1,
        1,
        0,
        null,
        null,
        1,
        2,
        2,
        2,
        2,
        2,
        null,
        null,
        null,
        1,
        null,
        1,
        2,
        null,
        null
      ]
    },
    "timestamp": 1421613803
  }
}
